<?xml version="1.0" encoding="utf-8"?><testsuites name="pytest tests"><testsuite name="pytest" errors="0" failures="1" skipped="0" tests="13" time="29.348" timestamp="2026-05-31T04:45:11.595389+00:00" hostname="agent-env-e21f919f-78b0-44b8-97ac-16db71c3ab3a"><testcase classname="backend.tests.backend_test.TestAuth" name="test_login_admin" time="20.047" /><testcase classname="backend.tests.backend_test.TestAuth" name="test_login_invalid" time="0.146" /><testcase classname="backend.tests.backend_test.TestAuth" name="test_me_unauth" time="0.103" /><testcase classname="backend.tests.backend_test.TestAuth" name="test_register_new_user" time="7.545"><failure message="AssertionError: assert 'test_user_17...2@example.com' == 'TEST_user_17...2@example.com'&#10;  &#10;  - TEST_user_1780202732@example.com&#10;  ? ^^^^&#10;  + test_user_1780202732@example.com&#10;  ? ^^^^">backend/tests/backend_test.py:55: in test_register_new_user
    assert data["email"] == email
E   AssertionError: assert 'test_user_17...2@example.com' == 'TEST_user_17...2@example.com'
E     
E     - TEST_user_1780202732@example.com
E     ? ^^^^
E     + test_user_1780202732@example.com
E     ? ^^^^</failure></testcase><testcase classname="backend.tests.backend_test.TestAuth" name="test_logout" time="0.485" /><testcase classname="backend.tests.backend_test.TestBracing" name="test_bracing_calculate" time="0.048" /><testcase classname="backend.tests.backend_test.TestEstimator" name="test_estimator_calculate" time="0.058" /><testcase classname="backend.tests.backend_test.TestEquipment" name="test_list_equipment_seeded" time="0.046" /><testcase classname="backend.tests.backend_test.TestEquipment" name="test_equipment_crud" time="0.142" /><testcase classname="backend.tests.backend_test.TestRentalsFlow" name="test_full_rental_flow" time="0.279" /><testcase classname="backend.tests.backend_test.TestRentalsFlow" name="test_rental_invalid_customer" time="0.092" /><testcase classname="backend.tests.backend_test.TestMaintenance" name="test_create_and_list_maintenance" time="0.138" /><testcase classname="backend.tests.backend_test.TestDashboard" name="test_dashboard_stats" time="0.049" /></testsuite></testsuites>